<?xml version="1.0" encoding="UTF-8"?>
<!-- Generated by org.testng.reporters.JUnitXMLReporter -->
<testsuite ignored="1" hostname="Sweety" failures="0" tests="1" name="HOME_Test" time="0.034" errors="0" timestamp="2020-06-10T15:57:28 PDT">
  <testcase classname="Testng_demo2.Testng_demo2.TC_Home_group" name="TC_Home_02" time="0.006"/>
  <testcase classname="Testng_demo2.Testng_demo2.TC_Home_group" name="TC_Home_01" time="0.0">
    <ignored/>
  </testcase> <!-- TC_Home_01 -->
</testsuite> <!-- HOME_Test -->
