<?xml version="1.0" encoding="UTF-8"?>
<!-- Generated by org.testng.reporters.JUnitXMLReporter -->
<testsuite ignored="3" hostname="Sweety" failures="0" tests="1" name="Login_Test" time="0.002" errors="0" timestamp="2020-06-10T15:57:28 PDT">
  <testcase classname="Testng_demo2.Testng_demo2.TC_Login_group" name="TC_login_01" time="0.0"/>
  <testcase classname="Testng_demo2.Testng_demo2.TC_Login_group" name="TC_Login_03" time="0.0">
    <ignored/>
  </testcase> <!-- TC_Login_03 -->
  <testcase classname="Testng_demo2.Testng_demo2.TC_Login_group" name="TC_Login_04" time="0.0">
    <ignored/>
  </testcase> <!-- TC_Login_04 -->
  <testcase classname="Testng_demo2.Testng_demo2.TC_Login_group" name="TC_login_02" time="0.0">
    <ignored/>
  </testcase> <!-- TC_login_02 -->
</testsuite> <!-- Login_Test -->
