<?xml version="1.0" encoding="UTF-8"?>
<testng-results ignored="4" total="6" passed="2" failed="0" skipped="0">
  <reporter-output>
  </reporter-output>
  <suite started-at="2020-06-10T15:57:28 PDT" name="Regression_Suite" finished-at="2020-06-10T15:57:28 PDT" duration-ms="76">
    <groups>
      <group name="Sanity">
        <method signature="TC_Home_group.TC_Home_02()[pri:0, instance:Testng_demo2.Testng_demo2.TC_Home_group@2145b572]" name="TC_Home_02" class="Testng_demo2.Testng_demo2.TC_Home_group"/>
      </group> <!-- Sanity -->
      <group name="Regression">
        <method signature="TC_Login_group.TC_login_01()[pri:0, instance:Testng_demo2.Testng_demo2.TC_Login_group@402bba4f]" name="TC_login_01" class="Testng_demo2.Testng_demo2.TC_Login_group"/>
      </group> <!-- Regression -->
    </groups>
    <test started-at="2020-06-10T15:57:28 PDT" name="HOME_Test" finished-at="2020-06-10T15:57:28 PDT" duration-ms="34">
      <class name="Testng_demo2.Testng_demo2.TC_Home_group">
        <test-method signature="TC_Home_02()[pri:0, instance:Testng_demo2.Testng_demo2.TC_Home_group@2145b572]" started-at="2020-06-10T15:57:28 PDT" name="TC_Home_02" finished-at="2020-06-10T15:57:28 PDT" duration-ms="6" status="PASS">
          <reporter-output>
          </reporter-output>
        </test-method> <!-- TC_Home_02 -->
      </class> <!-- Testng_demo2.Testng_demo2.TC_Home_group -->
    </test> <!-- HOME_Test -->
    <test started-at="2020-06-10T15:57:28 PDT" name="Login_Test" finished-at="2020-06-10T15:57:28 PDT" duration-ms="2">
      <class name="Testng_demo2.Testng_demo2.TC_Login_group">
        <test-method signature="TC_login_01()[pri:0, instance:Testng_demo2.Testng_demo2.TC_Login_group@402bba4f]" started-at="2020-06-10T15:57:28 PDT" name="TC_login_01" finished-at="2020-06-10T15:57:28 PDT" duration-ms="0" status="PASS">
          <reporter-output>
          </reporter-output>
        </test-method> <!-- TC_login_01 -->
      </class> <!-- Testng_demo2.Testng_demo2.TC_Login_group -->
    </test> <!-- Login_Test -->
  </suite> <!-- Regression_Suite -->
</testng-results>
